<?xml version="1.0" encoding="UTF-8"?>
<!-- Generated by org.testng.reporters.JUnitXMLReporter -->
<testsuite ignored="1" hostname="User-PC" failures="0" tests="1" name="Default test" time="195.41" errors="0" timestamp="2023-04-15T15:30:38 IST">
  <testcase classname="com.VtigerOrganization.Tests.OrganizationTest" name="contactithOrganizationTest" time="80.944"/>
  <testcase classname="com.VtigerOrganization.Tests.OrganizationTest" name="demo" time="0.0">
    <ignored/>
  </testcase> <!-- demo -->
</testsuite> <!-- Default test -->
