<?xml version="1.0" encoding="UTF-8"?>
<!-- Generated by org.testng.reporters.JUnitXMLReporter -->
<testsuite ignored="1" hostname="User-PC" failures="0" tests="1" name="Test" time="22.005" errors="0" timestamp="2023-04-18T12:39:29 IST">
  <testcase classname="com.VtigerOrganization.Tests.OrganizationTest" name="demo" time="0.055"/>
  <testcase classname="com.VtigerOrganization.Tests.OrganizationTest" name="contactithOrganizationTest" time="0.0">
    <ignored/>
  </testcase> <!-- contactithOrganizationTest -->
</testsuite> <!-- Test -->
