<?xml version="1.0" encoding="UTF-8"?>
<testng-results ignored="1" total="2" passed="1" failed="0" skipped="0">
  <reporter-output>
  </reporter-output>
  <suite started-at="2023-04-18T12:39:06 IST" name="Suite" finished-at="2023-04-18T12:39:28 IST" duration-ms="22005">
    <groups>
    </groups>
    <test started-at="2023-04-18T12:39:06 IST" name="Test" finished-at="2023-04-18T12:39:28 IST" duration-ms="22005">
      <class name="com.VtigerOrganization.Tests.OrganizationTest">
        <test-method is-config="true" signature="bsConfig()[pri:0, instance:com.VtigerOrganization.Tests.OrganizationTest@791f145a]" started-at="2023-04-18T12:39:06 IST" name="bsConfig" finished-at="2023-04-18T12:39:06 IST" duration-ms="13" status="PASS">
          <reporter-output>
          </reporter-output>
        </test-method> <!-- bsConfig -->
        <test-method is-config="true" signature="bcConfig()[pri:0, instance:com.VtigerOrganization.Tests.OrganizationTest@791f145a]" started-at="2023-04-18T12:39:06 IST" name="bcConfig" finished-at="2023-04-18T12:39:18 IST" duration-ms="11860" status="PASS">
          <reporter-output>
          </reporter-output>
        </test-method> <!-- bcConfig -->
        <test-method is-config="true" signature="bmconfig()[pri:0, instance:com.VtigerOrganization.Tests.OrganizationTest@791f145a]" started-at="2023-04-18T12:39:18 IST" name="bmconfig" finished-at="2023-04-18T12:39:23 IST" duration-ms="4452" status="PASS">
          <reporter-output>
          </reporter-output>
        </test-method> <!-- bmconfig -->
        <test-method signature="demo()[pri:0, instance:com.VtigerOrganization.Tests.OrganizationTest@791f145a]" started-at="2023-04-18T12:39:23 IST" name="demo" finished-at="2023-04-18T12:39:23 IST" duration-ms="55" status="PASS">
          <reporter-output>
          </reporter-output>
        </test-method> <!-- demo -->
        <test-method is-config="true" signature="amconfig()[pri:0, instance:com.VtigerOrganization.Tests.OrganizationTest@791f145a]" started-at="2023-04-18T12:39:23 IST" name="amconfig" finished-at="2023-04-18T12:39:27 IST" duration-ms="4173" status="PASS">
          <reporter-output>
          </reporter-output>
        </test-method> <!-- amconfig -->
        <test-method is-config="true" signature="acConfig()[pri:0, instance:com.VtigerOrganization.Tests.OrganizationTest@791f145a]" started-at="2023-04-18T12:39:27 IST" name="acConfig" finished-at="2023-04-18T12:39:28 IST" duration-ms="726" status="PASS">
          <reporter-output>
          </reporter-output>
        </test-method> <!-- acConfig -->
        <test-method is-config="true" signature="asConfig()[pri:0, instance:com.VtigerOrganization.Tests.OrganizationTest@791f145a]" started-at="2023-04-18T12:39:29 IST" name="asConfig" finished-at="2023-04-18T12:39:29 IST" duration-ms="1" status="PASS">
          <reporter-output>
          </reporter-output>
        </test-method> <!-- asConfig -->
      </class> <!-- com.VtigerOrganization.Tests.OrganizationTest -->
    </test> <!-- Test -->
  </suite> <!-- Suite -->
</testng-results>
